Start testing: Dec 03 23:40 �й���׼ʱ��
----------------------------------------------------------
1/1 Testing: MyTest
1/1 Test: MyTest
Command: "C:/Users/HUAWEI/Desktop/program/softwareDesign/lab1/build/lab2tests.exe"
Directory: C:/Users/HUAWEI/Desktop/program/softwareDesign/lab1/build
"MyTest" start time: Dec 03 23:40 �й���׼ʱ��
Output:
----------------------------------------------------------
[==========] Running 2 tests from 1 test suite.
[----------] Global test environment set-up.
[----------] 2 tests from MyTests
[ RUN      ] MyTests.Test1
C:\Users\HUAWEI\Desktop\program\softwareDesign\lab1\tests\test1.cpp:71: Failure
Expected equality of these values:
  expectedOutput1
    Which is: "\xE2\x94\x94\xE2\x94\x80\xE2\x94\x80 \xE4\xB9\xA6\xE7\xB1\x8D\xE6\x8E\xA8\xE8\x8D\x90\n   \xE2\x94\x94\xE2\x94\x80\xE2\x94\x80 \xE7\xBC\x96\xE7\xA8\x8B\n   \xE2\x94\x9C\xE2\x94\x80\xE2\x94\x80 \xC2\xB7\xE3\x80\x8A\xE8\xAE\xBE\xE8\xAE\xA1\xE6\xA8\xA1\xE5\xBC\x8F\xE7\x9A\x84\xE8\x89\xBA\xE6\x9C\xAF\xE3\x80\x8B   \xE2\x94\x9C\xE2\x94\x80\xE2\x94\x80 \xC2\xB7\xE3\x80\x8A\xE4\xBA\x91\xE5\x8E\x9F\xE7\x94\x9F\xEF\xBC\x9A\xE8\xBF\x90\xE7\x94\xA8\xE5\xAE\xB9\xE5\x99\xA8\xE3\x80\x81\xE5\x87\xBD\xE6\x95\xB0\xE8\xAE\xA1\xE7\xAE\x97\xE5\x92\x8C\xE6\x95\xB0\xE6\x8D\xAE\xE6\x9E\x84\xE5\xBB\xBA\xE4\xB8\x8B\xE4\xB8\x80\xE4\xBB\xA3\xE5\xBA\x94\xE7\x94\xA8\xE3\x80\x8B\n   \xE2\x94\x94\xE2\x94\x80\xE2\x94\x80 \xC2\xB7\xE3\x80\x8A\xE6\xB7\xB1\xE5\x85\xA5\xE7\x90\x86\xE8\xA7\xA3Java\xE8\x99\x9A\xE6\x8B\x9F\xE6\x9C\xBA\xE3\x80\x8B\n"
    As Text: "└── 书籍推荐
   └── 编程
   ├── ·《设计模式的艺术》   ├── ·《云原生：运用容器、函数计算和数据构建下一代应用》
   └── ·《深入理解Java虚拟机》
"
  output
    Which is: "\xE2\x94\x94\xE2\x94\x80\xE2\x94\x80root\n    \xE2\x94\x94\xE2\x94\x80\xE2\x94\x80\xE4\xB9\xA6\xE7\xB1\x8D\xE6\x8E\xA8\xE8\x8D\x90\n\n        \xE2\x94\x94\xE2\x94\x80\xE2\x94\x80\xE7\xBC\x96\xE7\xA8\x8B\n\n            \xE2\x94\x94\xE2\x94\x80\xE2\x94\x80\xE3\x80\x8A\xE8\xAE\xBE\xE8\xAE\xA1\xE6\xA8\xA1\xE5\xBC\x8F\xE7\x9A\x84\xE8\x89\xBA\xE6\x9C\xAF\xE3\x80\x8B\n\n            \xE2\x94\x94\xE2\x94\x80\xE2\x94\x80\xE3\x80\x8A\xE4\xBA\x91\xE5\x8E\x9F\xE7\x94\x9F\xEF\xBC\x9A\xE8\xBF\x90\xE7\x94\xA8\xE5\xAE\xB9\xE5\x99\xA8\xE3\x80\x81\xE5\x87\xBD\xE6\x95\xB0\xE8\xAE\xA1\xE7\xAE\x97\xE5\x92\x8C\xE6\x95\xB0\xE6\x8D\xAE\xE6\x9E\x84\xE5\xBB\xBA\xE4\xB8\x8B\xE4\xB8\x80\xE4\xBB\xA3\xE5\xBA\x94\xE7\x94\xA8\xE3\x80\x8B\n\n            \xE2\x94\x94\xE2\x94\x80\xE2\x94\x80\xE3\x80\x8A\xE6\xB7\xB1\xE5\x85\xA5\xE7\x90\x86\xE8\xA7\xA3Java\xE8\x99\x9A\xE6\x8B\x9F\xE6\x9C\xBA\xE3\x80\x8B\n\n"
    As Text: "└──root
    └──书籍推荐

        └──编程

            └──《设计模式的艺术》

            └──《云原生：运用容器、函数计算和数据构建下一代应用》

            └──《深入理解Java虚拟机》

"
With diff:
@@ -1,5 +1,12 @@
-\xE2\x94\x94\xE2\x94\x80\xE2\x94\x80 \xE4\xB9\xA6\xE7\xB1\x8D\xE6\x8E\xA8\xE8\x8D\x90
-   \xE2\x94\x94\xE2\x94\x80\xE2\x94\x80 \xE7\xBC\x96\xE7\xA8\x8B
-   \xE2\x94\x9C\xE2\x94\x80\xE2\x94\x80 \xC2\xB7\xE3\x80\x8A\xE8\xAE\xBE\xE8\xAE\xA1\xE6\xA8\xA1\xE5\xBC\x8F\xE7\x9A\x84\xE8\x89\xBA\xE6\x9C\xAF\xE3\x80\x8B   \xE2\x94\x9C\xE2\x94\x80\xE2\x94\x80 \xC2\xB7\xE3\x80\x8A\xE4\xBA\x91\xE5\x8E\x9F\xE7\x94\x9F\xEF\xBC\x9A\xE8\xBF\x90\xE7\x94\xA8\xE5\xAE\xB9\xE5\x99\xA8\xE3\x80\x81\xE5\x87\xBD\xE6\x95\xB0\xE8\xAE\xA1\xE7\xAE\x97\xE5\x92\x8C\xE6\x95\xB0\xE6\x8D\xAE\xE6\x9E\x84\xE5\xBB\xBA\xE4\xB8\x8B\xE4\xB8\x80\xE4\xBB\xA3\xE5\xBA\x94\xE7\x94\xA8\xE3\x80\x8B
-   \xE2\x94\x94\xE2\x94\x80\xE2\x94\x80 \xC2\xB7\xE3\x80\x8A\xE6\xB7\xB1\xE5\x85\xA5\xE7\x90\x86\xE8\xA7\xA3Java\xE8\x99\x9A\xE6\x8B\x9F\xE6\x9C\xBA\xE3\x80\x8B
-"
    As Text: "└── 书籍推荐
   └── 编程
   ├── ·《设计模式的艺术》   ├── ·《云原生：运用容器、函数计算和数据构建下一代应用》
   └── ·《深入理解Java虚拟机》

+\xE2\x94\x94\xE2\x94\x80\xE2\x94\x80root
+    \xE2\x94\x94\xE2\x94\x80\xE2\x94\x80\xE4\xB9\xA6\xE7\xB1\x8D\xE6\x8E\xA8\xE8\x8D\x90
+
+        \xE2\x94\x94\xE2\x94\x80\xE2\x94\x80\xE7\xBC\x96\xE7\xA8\x8B
+
+            \xE2\x94\x94\xE2\x94\x80\xE2\x94\x80\xE3\x80\x8A\xE8\xAE\xBE\xE8\xAE\xA1\xE6\xA8\xA1\xE5\xBC\x8F\xE7\x9A\x84\xE8\x89\xBA\xE6\x9C\xAF\xE3\x80\x8B
+
+            \xE2\x94\x94\xE2\x94\x80\xE2\x94\x80\xE3\x80\x8A\xE4\xBA\x91\xE5\x8E\x9F\xE7\x94\x9F\xEF\xBC\x9A\xE8\xBF\x90\xE7\x94\xA8\xE5\xAE\xB9\xE5\x99\xA8\xE3\x80\x81\xE5\x87\xBD\xE6\x95\xB0\xE8\xAE\xA1\xE7\xAE\x97\xE5\x92\x8C\xE6\x95\xB0\xE6\x8D\xAE\xE6\x9E\x84\xE5\xBB\xBA\xE4\xB8\x8B\xE4\xB8\x80\xE4\xBB\xA3\xE5\xBA\x94\xE7\x94\xA8\xE3\x80\x8B
+
+            \xE2\x94\x94\xE2\x94\x80\xE2\x94\x80\xE3\x80\x8A\xE6\xB7\xB1\xE5\x85\xA5\xE7\x90\x86\xE8\xA7\xA3Java\xE8\x99\x9A\xE6\x8B\x9F\xE6\x9C\xBA\xE3\x80\x8B
+
+"
    As Text: "└──root
    └──书籍推荐

        └──编程

            └──《设计模式的艺术》

            └──《云原生：运用容器、函数计算和数据构建下一代应用》

            └──《深入理解Java虚拟机》




[  FAILED  ] MyTests.Test1 (29 ms)
[ RUN      ] MyTests.Test2
[       OK ] MyTests.Test2 (0 ms)
[----------] 2 tests from MyTests (30 ms total)

[----------] Global test environment tear-down
[==========] 2 tests from 1 test suite ran. (30 ms total)
[  PASSED  ] 1 test.
[  FAILED  ] 1 test, listed below:
[  FAILED  ] MyTests.Test1

 1 FAILED TEST
<end of output>
Test time =   0.12 sec
----------------------------------------------------------
Test Failed.
"MyTest" end time: Dec 03 23:40 �й���׼ʱ��
"MyTest" time elapsed: 00:00:00
----------------------------------------------------------

End testing: Dec 03 23:40 �й���׼ʱ��
